[debug] [2025-06-05T18:05:14.864Z] ----------------------------------------------------------------------
[debug] [2025-06-05T18:05:15.028Z] Command:       C:\Program Files\nodejs\node.exe C:\Users\user\AppData\Roaming\npm\node_modules\firebase-tools\lib\bin\firebase.js init
[debug] [2025-06-05T18:05:15.030Z] CLI Version:   14.6.0
[debug] [2025-06-05T18:05:15.030Z] Platform:      win32
[debug] [2025-06-05T18:05:15.030Z] Node Version:  v22.16.0
[debug] [2025-06-05T18:05:15.031Z] Time:          Thu Jun 05 2025 20:05:15 GMT+0200 (heure d’été d’Europe centrale)
[debug] [2025-06-05T18:05:15.032Z] ----------------------------------------------------------------------
[debug] 
[debug] [2025-06-05T18:05:15.085Z] > command requires scopes: ["email","openid","https://www.googleapis.com/auth/cloudplatformprojects.readonly","https://www.googleapis.com/auth/firebase","https://www.googleapis.com/auth/cloud-platform"]
[debug] [2025-06-05T18:05:15.086Z] > authorizing via signed-in user (hassanbiti22@gmail.com)
[info] 
     ######## #### ########  ######## ########     ###     ######  ########
     ##        ##  ##     ## ##       ##     ##  ##   ##  ##       ##
     ######    ##  ########  ######   ########  #########  ######  ######
     ##        ##  ##    ##  ##       ##     ## ##     ##       ## ##
     ##       #### ##     ## ######## ########  ##     ##  ######  ########

You're about to initialize a Firebase project in this directory:

  C:\Users\user\OneDrive\Bureau\Nouveau dossier\mon site\index.html

[debug] [2025-06-05T18:10:06.247Z] ----------------------------------------------------------------------
[debug] [2025-06-05T18:10:06.255Z] Command:       C:\Program Files\nodejs\node.exe C:\Users\user\AppData\Roaming\npm\node_modules\firebase-tools\lib\bin\firebase.js init
[debug] [2025-06-05T18:10:06.256Z] CLI Version:   14.6.0
[debug] [2025-06-05T18:10:06.256Z] Platform:      win32
[debug] [2025-06-05T18:10:06.257Z] Node Version:  v22.16.0
[debug] [2025-06-05T18:10:06.257Z] Time:          Thu Jun 05 2025 20:10:06 GMT+0200 (heure d’été d’Europe centrale)
[debug] [2025-06-05T18:10:06.258Z] ----------------------------------------------------------------------
[debug] 
[debug] [2025-06-05T18:10:06.273Z] > command requires scopes: ["email","openid","https://www.googleapis.com/auth/cloudplatformprojects.readonly","https://www.googleapis.com/auth/firebase","https://www.googleapis.com/auth/cloud-platform"]
[debug] [2025-06-05T18:10:06.274Z] > authorizing via signed-in user (hassanbiti22@gmail.com)
[info] 
     ######## #### ########  ######## ########     ###     ######  ########
     ##        ##  ##     ## ##       ##     ##  ##   ##  ##       ##
     ######    ##  ########  ######   ########  #########  ######  ######
     ##        ##  ##    ##  ##       ##     ## ##     ##       ## ##
     ##       #### ##     ## ######## ########  ##     ##  ######  ########

You're about to initialize a Firebase project in this directory:

  C:\Users\user\OneDrive\Bureau\Nouveau dossier\mon site\index.html

[debug] [2025-06-05T18:14:19.112Z] ----------------------------------------------------------------------
[debug] [2025-06-05T18:14:19.119Z] Command:       C:\Program Files\nodejs\node.exe C:\Users\user\AppData\Roaming\npm\node_modules\firebase-tools\lib\bin\firebase.js init
[debug] [2025-06-05T18:14:19.120Z] CLI Version:   14.6.0
[debug] [2025-06-05T18:14:19.121Z] Platform:      win32
[debug] [2025-06-05T18:14:19.121Z] Node Version:  v22.16.0
[debug] [2025-06-05T18:14:19.122Z] Time:          Thu Jun 05 2025 20:14:19 GMT+0200 (heure d’été d’Europe centrale)
[debug] [2025-06-05T18:14:19.123Z] ----------------------------------------------------------------------
[debug] 
[debug] [2025-06-05T18:14:19.149Z] > command requires scopes: ["email","openid","https://www.googleapis.com/auth/cloudplatformprojects.readonly","https://www.googleapis.com/auth/firebase","https://www.googleapis.com/auth/cloud-platform"]
[debug] [2025-06-05T18:14:19.150Z] > authorizing via signed-in user (hassanbiti22@gmail.com)
[info] 
     ######## #### ########  ######## ########     ###     ######  ########
     ##        ##  ##     ## ##       ##     ##  ##   ##  ##       ##
     ######    ##  ########  ######   ########  #########  ######  ######
     ##        ##  ##    ##  ##       ##     ## ##     ##       ## ##
     ##       #### ##     ## ######## ########  ##     ##  ######  ########

You're about to initialize a Firebase project in this directory:

  C:\Users\user\OneDrive\Bureau\Nouveau dossier\mon site\index.html

